<?xml version="1.0" encoding="UTF-8"?>
<testng-results ignored="0" total="1" passed="1" failed="0" skipped="0">
  <reporter-output>
  </reporter-output>
  <suite started-at="2024-01-09T08:45:14 IST" name="Default suite" finished-at="2024-01-09T08:45:27 IST" duration-ms="12620">
    <groups>
    </groups>
    <test started-at="2024-01-09T08:45:14 IST" name="Default test" finished-at="2024-01-09T08:45:27 IST" duration-ms="12620">
      <class name="Programs.Alerts">
        <test-method is-config="true" signature="beforeTest()[pri:0, instance:Programs.Alerts@6aba2b86]" started-at="2024-01-09T08:45:14 IST" name="beforeTest" finished-at="2024-01-09T08:45:24 IST" duration-ms="9446" status="PASS">
          <reporter-output>
          </reporter-output>
        </test-method> <!-- beforeTest -->
        <test-method signature="alertsflow()[pri:0, instance:Programs.Alerts@6aba2b86]" started-at="2024-01-09T08:45:24 IST" name="alertsflow" finished-at="2024-01-09T08:45:27 IST" duration-ms="3121" status="PASS">
          <reporter-output>
          </reporter-output>
        </test-method> <!-- alertsflow -->
        <test-method is-config="true" signature="afterTest()[pri:0, instance:Programs.Alerts@6aba2b86]" started-at="2024-01-09T08:45:27 IST" name="afterTest" finished-at="2024-01-09T08:45:27 IST" duration-ms="3" status="PASS">
          <reporter-output>
          </reporter-output>
        </test-method> <!-- afterTest -->
      </class> <!-- Programs.Alerts -->
    </test> <!-- Default test -->
  </suite> <!-- Default suite -->
</testng-results>
